# JRE version: OpenJDK Runtime Environment (21.0.7) (build 21.0.7+-13880790-b1038.58)
# Java VM: OpenJDK 64-Bit Server VM (21.0.7+-13880790-b1038.58, mixed mode, tiered, compressed oops, compressed class ptrs, g1 gc, windows-amd64)
GC Precious Log:
 CardTable entry size: 512
 Card Set container configuration: InlinePtr #cards 5 size 8 Array Of Cards #cards 12 size 40 Howl #buckets 4 coarsen threshold 1843 Howl Bitmap #cards 512 size 80 coarsen threshold 460 Card regions per heap region 1 cards per card region 2048
 CPUs: 4 total, 4 available
 Memory: 3520M
 Large Page Support: Disabled
 NUMA Support: Disabled
 Compressed Oops: Enabled (32-bit)
 Heap Region Size: 1M
 Heap Min Capacity: 8M
 Heap Initial Capacity: 56M
 Heap Max Capacity: 2G
 Pre-touch: Disabled
 Parallel Workers: 4
 Concurrent Workers: 1
 Concurrent Refinement Workers: 4
 Periodic GC: Disabled
Heap:
 garbage-first heap   total 462848K, used 345700K [0x0000000080000000, 0x0000000100000000)
  region size 1024K, 88 young (90112K), 3 survivors (3072K)
 Metaspace       used 240257K, committed 243072K, reserved 1310720K
  class space    used 30098K, committed 32000K, reserved 1048576K
GC Heap History (20 events):
Event: 8971.895 GC heap before
{Heap before GC invocations=83 (full 1):
 garbage-first heap   total 462848K, used 426165K [0x0000000080000000, 0x0000000100000000)
  region size 1024K, 211 young (216064K), 1 survivors (1024K)
 Metaspace       used 234714K, committed 241728K, reserved 1310720K
  class space    used 29439K, committed 32000K, reserved 1048576K
}
Event: 8972.123 GC heap after
{Heap after GC invocations=84 (full 1):
 garbage-first heap   total 462848K, used 222562K [0x0000000080000000, 0x0000000100000000)
  region size 1024K, 17 young (17408K), 17 survivors (17408K)
 Metaspace       used 234714K, committed 241728K, reserved 1310720K
  class space    used 29439K, committed 32000K, reserved 1048576K
}
Event: 8972.466 GC heap before
{Heap before GC invocations=84 (full 1):
 garbage-first heap   total 462848K, used 227682K [0x0000000080000000, 0x0000000100000000)
  region size 1024K, 22 young (22528K), 17 survivors (17408K)
 Metaspace       used 234716K, committed 241728K, reserved 1310720K
  class space    used 29439K, committed 32000K, reserved 1048576K
}
Event: 8972.553 GC heap after
{Heap after GC invocations=85 (full 1):
 garbage-first heap   total 462848K, used 225155K [0x0000000080000000, 0x0000000100000000)
  region size 1024K, 3 young (3072K), 3 survivors (3072K)
 Metaspace       used 234716K, committed 241728K, reserved 1310720K
  class space    used 29439K, committed 32000K, reserved 1048576K
}
Event: 8977.159 GC heap before
{Heap before GC invocations=86 (full 1):
 garbage-first heap   total 462848K, used 243587K [0x0000000080000000, 0x0000000100000000)
  region size 1024K, 22 young (22528K), 3 survivors (3072K)
 Metaspace       used 234999K, committed 241728K, reserved 1310720K
  class space    used 29488K, committed 32000K, reserved 1048576K
}
Event: 8977.178 GC heap after
{Heap after GC invocations=87 (full 1):
 garbage-first heap   total 462848K, used 227541K [0x0000000080000000, 0x0000000100000000)
  region size 1024K, 3 young (3072K), 3 survivors (3072K)
 Metaspace       used 234999K, committed 241728K, reserved 1310720K
  class space    used 29488K, committed 32000K, reserved 1048576K
}
Event: 9066.831 GC heap before
{Heap before GC invocations=87 (full 1):
 garbage-first heap   total 462848K, used 331989K [0x0000000080000000, 0x0000000100000000)
  region size 1024K, 106 young (108544K), 3 survivors (3072K)
 Metaspace       used 235671K, committed 241792K, reserved 1310720K
  class space    used 29556K, committed 32000K, reserved 1048576K
}
Event: 9067.178 GC heap after
{Heap after GC invocations=88 (full 1):
 garbage-first heap   total 462848K, used 236590K [0x0000000080000000, 0x0000000100000000)
  region size 1024K, 13 young (13312K), 13 survivors (13312K)
 Metaspace       used 235671K, committed 241792K, reserved 1310720K
  class space    used 29556K, committed 32000K, reserved 1048576K
}
Event: 9067.651 GC heap before
{Heap before GC invocations=88 (full 1):
 garbage-first heap   total 462848K, used 245806K [0x0000000080000000, 0x0000000100000000)
  region size 1024K, 22 young (22528K), 13 survivors (13312K)
 Metaspace       used 235758K, committed 241792K, reserved 1310720K
  class space    used 29559K, committed 32000K, reserved 1048576K
}
Event: 9067.724 GC heap after
{Heap after GC invocations=89 (full 1):
 garbage-first heap   total 462848K, used 238528K [0x0000000080000000, 0x0000000100000000)
  region size 1024K, 3 young (3072K), 3 survivors (3072K)
 Metaspace       used 235758K, committed 241792K, reserved 1310720K
  class space    used 29559K, committed 32000K, reserved 1048576K
}
Event: 9069.854 GC heap before
{Heap before GC invocations=89 (full 1):
 garbage-first heap   total 462848K, used 317376K [0x0000000080000000, 0x0000000100000000)
  region size 1024K, 81 young (82944K), 3 survivors (3072K)
 Metaspace       used 235904K, committed 241792K, reserved 1310720K
  class space    used 29564K, committed 32000K, reserved 1048576K
}
Event: 9069.897 GC heap after
{Heap after GC invocations=90 (full 1):
 garbage-first heap   total 462848K, used 244046K [0x0000000080000000, 0x0000000100000000)
  region size 1024K, 9 young (9216K), 9 survivors (9216K)
 Metaspace       used 235904K, committed 241792K, reserved 1310720K
  class space    used 29564K, committed 32000K, reserved 1048576K
}
Event: 9076.242 GC heap before
{Heap before GC invocations=90 (full 1):
 garbage-first heap   total 462848K, used 332110K [0x0000000080000000, 0x0000000100000000)
  region size 1024K, 95 young (97280K), 9 survivors (9216K)
 Metaspace       used 236163K, committed 241792K, reserved 1310720K
  class space    used 29566K, committed 32000K, reserved 1048576K
}
Event: 9076.305 GC heap after
{Heap after GC invocations=91 (full 1):
 garbage-first heap   total 462848K, used 243817K [0x0000000080000000, 0x0000000100000000)
  region size 1024K, 3 young (3072K), 3 survivors (3072K)
 Metaspace       used 236163K, committed 241792K, reserved 1310720K
  class space    used 29566K, committed 32000K, reserved 1048576K
}
Event: 9463.782 GC heap before
{Heap before GC invocations=91 (full 1):
 garbage-first heap   total 462848K, used 386153K [0x0000000080000000, 0x0000000100000000)
  region size 1024K, 142 young (145408K), 3 survivors (3072K)
 Metaspace       used 237200K, committed 241792K, reserved 1310720K
  class space    used 29683K, committed 32000K, reserved 1048576K
}
Event: 9463.989 GC heap after
{Heap after GC invocations=92 (full 1):
 garbage-first heap   total 462848K, used 259321K [0x0000000080000000, 0x0000000100000000)
  region size 1024K, 18 young (18432K), 18 survivors (18432K)
 Metaspace       used 237200K, committed 241792K, reserved 1310720K
  class space    used 29683K, committed 32000K, reserved 1048576K
}
Event: 9464.500 GC heap before
{Heap before GC invocations=92 (full 1):
 garbage-first heap   total 462848K, used 263417K [0x0000000080000000, 0x0000000100000000)
  region size 1024K, 22 young (22528K), 18 survivors (18432K)
 Metaspace       used 237205K, committed 241792K, reserved 1310720K
  class space    used 29683K, committed 32000K, reserved 1048576K
}
Event: 9464.595 GC heap after
{Heap after GC invocations=93 (full 1):
 garbage-first heap   total 462848K, used 260526K [0x0000000080000000, 0x0000000100000000)
  region size 1024K, 2 young (2048K), 2 survivors (2048K)
 Metaspace       used 237205K, committed 241792K, reserved 1310720K
  class space    used 29683K, committed 32000K, reserved 1048576K
}
Event: 9471.900 GC heap before
{Heap before GC invocations=94 (full 1):
 garbage-first heap   total 462848K, used 279982K [0x0000000080000000, 0x0000000100000000)
  region size 1024K, 22 young (22528K), 2 survivors (2048K)
 Metaspace       used 237449K, committed 241856K, reserved 1310720K
  class space    used 29698K, committed 32000K, reserved 1048576K
}
Event: 9471.969 GC heap after
{Heap after GC invocations=95 (full 1):
 garbage-first heap   total 462848K, used 260708K [0x0000000080000000, 0x0000000100000000)
  region size 1024K, 3 young (3072K), 3 survivors (3072K)
 Metaspace       used 237449K, committed 241856K, reserved 1310720K
  class space    used 29698K, committed 32000K, reserved 1048576K
}

