# JRE version: OpenJDK Runtime Environment (21.0.7) (build 21.0.7+-13880790-b1038.58)
# Java VM: OpenJDK 64-Bit Server VM (21.0.7+-13880790-b1038.58, mixed mode, tiered, compressed oops, compressed class ptrs, g1 gc, windows-amd64)
GC Precious Log:
 CardTable entry size: 512
 Card Set container configuration: InlinePtr #cards 5 size 8 Array Of Cards #cards 12 size 40 Howl #buckets 4 coarsen threshold 1843 Howl Bitmap #cards 512 size 80 coarsen threshold 460 Card regions per heap region 1 cards per card region 2048
 CPUs: 4 total, 4 available
 Memory: 3520M
 Large Page Support: Disabled
 NUMA Support: Disabled
 Compressed Oops: Enabled (32-bit)
 Heap Region Size: 1M
 Heap Min Capacity: 8M
 Heap Initial Capacity: 56M
 Heap Max Capacity: 2G
 Pre-touch: Disabled
 Parallel Workers: 4
 Concurrent Workers: 1
 Concurrent Refinement Workers: 4
 Periodic GC: Disabled
Heap:
 garbage-first heap   total 367616K, used 294912K [0x0000000080000000, 0x0000000100000000)
  region size 1024K, 8 young (8192K), 8 survivors (8192K)
 Metaspace       used 146040K, committed 148416K, reserved 1179648K
  class space    used 20213K, committed 21376K, reserved 1048576K
GC Heap History (20 events):
Event: 54.734 GC heap after
{Heap after GC invocations=64 (full 0):
 garbage-first heap   total 209920K, used 133234K [0x0000000080000000, 0x0000000100000000)
  region size 1024K, 7 young (7168K), 7 survivors (7168K)
 Metaspace       used 124458K, committed 126784K, reserved 1179648K
  class space    used 17028K, committed 18176K, reserved 1048576K
}
Event: 56.534 GC heap before
{Heap before GC invocations=65 (full 0):
 garbage-first heap   total 224256K, used 188530K [0x0000000080000000, 0x0000000100000000)
  region size 1024K, 62 young (63488K), 7 survivors (7168K)
 Metaspace       used 130282K, committed 132544K, reserved 1179648K
  class space    used 17908K, committed 19008K, reserved 1048576K
}
Event: 56.556 GC heap after
{Heap after GC invocations=66 (full 0):
 garbage-first heap   total 224256K, used 135904K [0x0000000080000000, 0x0000000100000000)
  region size 1024K, 3 young (3072K), 3 survivors (3072K)
 Metaspace       used 130282K, committed 132544K, reserved 1179648K
  class space    used 17908K, committed 19008K, reserved 1048576K
}
Event: 58.785 GC heap before
{Heap before GC invocations=66 (full 0):
 garbage-first heap   total 224256K, used 206560K [0x0000000080000000, 0x0000000100000000)
  region size 1024K, 73 young (74752K), 3 survivors (3072K)
 Metaspace       used 138349K, committed 140608K, reserved 1179648K
  class space    used 19184K, committed 20288K, reserved 1048576K
}
Event: 58.803 GC heap after
{Heap after GC invocations=67 (full 0):
 garbage-first heap   total 269312K, used 135740K [0x0000000080000000, 0x0000000100000000)
  region size 1024K, 4 young (4096K), 4 survivors (4096K)
 Metaspace       used 138349K, committed 140608K, reserved 1179648K
  class space    used 19184K, committed 20288K, reserved 1048576K
}
Event: 60.465 GC heap before
{Heap before GC invocations=67 (full 0):
 garbage-first heap   total 269312K, used 214588K [0x0000000080000000, 0x0000000100000000)
  region size 1024K, 72 young (73728K), 4 survivors (4096K)
 Metaspace       used 142910K, committed 145280K, reserved 1179648K
  class space    used 19780K, committed 20992K, reserved 1048576K
}
Event: 60.475 GC heap after
{Heap after GC invocations=68 (full 0):
 garbage-first heap   total 269312K, used 147896K [0x0000000080000000, 0x0000000100000000)
  region size 1024K, 5 young (5120K), 5 survivors (5120K)
 Metaspace       used 142910K, committed 145280K, reserved 1179648K
  class space    used 19780K, committed 20992K, reserved 1048576K
}
Event: 60.517 GC heap before
{Heap before GC invocations=68 (full 0):
 garbage-first heap   total 269312K, used 150968K [0x0000000080000000, 0x0000000100000000)
  region size 1024K, 8 young (8192K), 5 survivors (5120K)
 Metaspace       used 142942K, committed 145344K, reserved 1179648K
  class space    used 19784K, committed 20992K, reserved 1048576K
}
Event: 60.529 GC heap after
{Heap after GC invocations=69 (full 0):
 garbage-first heap   total 269312K, used 149541K [0x0000000080000000, 0x0000000100000000)
  region size 1024K, 6 young (6144K), 6 survivors (6144K)
 Metaspace       used 142942K, committed 145344K, reserved 1179648K
  class space    used 19784K, committed 20992K, reserved 1048576K
}
Event: 61.360 GC heap before
{Heap before GC invocations=70 (full 0):
 garbage-first heap   total 278528K, used 276517K [0x0000000080000000, 0x0000000100000000)
  region size 1024K, 44 young (45056K), 6 survivors (6144K)
 Metaspace       used 143346K, committed 145728K, reserved 1179648K
  class space    used 19857K, committed 21056K, reserved 1048576K
}
Event: 61.378 GC heap after
{Heap after GC invocations=71 (full 0):
 garbage-first heap   total 293888K, used 204650K [0x0000000080000000, 0x0000000100000000)
  region size 1024K, 13 young (13312K), 13 survivors (13312K)
 Metaspace       used 143346K, committed 145728K, reserved 1179648K
  class space    used 19857K, committed 21056K, reserved 1048576K
}
Event: 62.505 GC heap before
{Heap before GC invocations=71 (full 0):
 garbage-first heap   total 293888K, used 259946K [0x0000000080000000, 0x0000000100000000)
  region size 1024K, 68 young (69632K), 13 survivors (13312K)
 Metaspace       used 144700K, committed 147136K, reserved 1179648K
  class space    used 20031K, committed 21248K, reserved 1048576K
}
Event: 62.571 GC heap after
{Heap after GC invocations=72 (full 0):
 garbage-first heap   total 293888K, used 213804K [0x0000000080000000, 0x0000000100000000)
  region size 1024K, 9 young (9216K), 9 survivors (9216K)
 Metaspace       used 144700K, committed 147136K, reserved 1179648K
  class space    used 20031K, committed 21248K, reserved 1048576K
}
Event: 62.861 GC heap before
{Heap before GC invocations=72 (full 0):
 garbage-first heap   total 293888K, used 220972K [0x0000000080000000, 0x0000000100000000)
  region size 1024K, 18 young (18432K), 9 survivors (9216K)
 Metaspace       used 144707K, committed 147136K, reserved 1179648K
  class space    used 20032K, committed 21248K, reserved 1048576K
}
Event: 62.894 GC heap after
{Heap after GC invocations=73 (full 0):
 garbage-first heap   total 293888K, used 218390K [0x0000000080000000, 0x0000000100000000)
  region size 1024K, 5 young (5120K), 5 survivors (5120K)
 Metaspace       used 144707K, committed 147136K, reserved 1179648K
  class space    used 20032K, committed 21248K, reserved 1048576K
}
Event: 66.984 GC heap before
{Heap before GC invocations=74 (full 0):
 garbage-first heap   total 367616K, used 263446K [0x0000000080000000, 0x0000000100000000)
  region size 1024K, 46 young (47104K), 5 survivors (5120K)
 Metaspace       used 145232K, committed 147584K, reserved 1179648K
  class space    used 20080K, committed 21248K, reserved 1048576K
}
Event: 67.032 GC heap after
{Heap after GC invocations=75 (full 0):
 garbage-first heap   total 367616K, used 236544K [0x0000000080000000, 0x0000000100000000)
  region size 1024K, 6 young (6144K), 6 survivors (6144K)
 Metaspace       used 145232K, committed 147584K, reserved 1179648K
  class space    used 20080K, committed 21248K, reserved 1048576K
}
Event: 67.914 GC heap before
{Heap before GC invocations=75 (full 0):
 garbage-first heap   total 367616K, used 306176K [0x0000000080000000, 0x0000000100000000)
  region size 1024K, 74 young (75776K), 6 survivors (6144K)
 Metaspace       used 146021K, committed 148352K, reserved 1179648K
  class space    used 20213K, committed 21376K, reserved 1048576K
}
Event: 68.032 GC heap after
{Heap after GC invocations=76 (full 0):
 garbage-first heap   total 367616K, used 267776K [0x0000000080000000, 0x0000000100000000)
  region size 1024K, 10 young (10240K), 10 survivors (10240K)
 Metaspace       used 146021K, committed 148352K, reserved 1179648K
  class space    used 20213K, committed 21376K, reserved 1048576K
}
Event: 68.477 GC heap before
{Heap before GC invocations=76 (full 0):
 garbage-first heap   total 367616K, used 317952K [0x0000000080000000, 0x0000000100000000)
  region size 1024K, 59 young (60416K), 10 survivors (10240K)
 Metaspace       used 146040K, committed 148416K, reserved 1179648K
  class space    used 20213K, committed 21376K, reserved 1048576K
}

