# JRE version: OpenJDK Runtime Environment (21.0.7) (build 21.0.7+-13880790-b1038.58)
# Java VM: OpenJDK 64-Bit Server VM (21.0.7+-13880790-b1038.58, mixed mode, tiered, compressed oops, compressed class ptrs, g1 gc, windows-amd64)
GC Precious Log:
 CardTable entry size: 512
 Card Set container configuration: InlinePtr #cards 5 size 8 Array Of Cards #cards 12 size 40 Howl #buckets 4 coarsen threshold 1843 Howl Bitmap #cards 512 size 80 coarsen threshold 460 Card regions per heap region 1 cards per card region 2048
 CPUs: 4 total, 4 available
 Memory: 3520M
 Large Page Support: Disabled
 NUMA Support: Disabled
 Compressed Oops: Enabled (32-bit)
 Heap Region Size: 1M
 Heap Min Capacity: 8M
 Heap Initial Capacity: 56M
 Heap Max Capacity: 2G
 Pre-touch: Disabled
 Parallel Workers: 4
 Concurrent Workers: 1
 Concurrent Refinement Workers: 4
 Periodic GC: Disabled
Heap:
 garbage-first heap   total 224256K, used 140735K [0x0000000080000000, 0x0000000100000000)
  region size 1024K, 8 young (8192K), 6 survivors (6144K)
 Metaspace       used 141202K, committed 143680K, reserved 1179648K
  class space    used 19545K, committed 20800K, reserved 1048576K
GC Heap History (20 events):
Event: 47.011 GC heap before
{Heap before GC invocations=54 (full 0):
 garbage-first heap   total 177152K, used 161177K [0x0000000080000000, 0x0000000100000000)
  region size 1024K, 65 young (66560K), 5 survivors (5120K)
 Metaspace       used 113096K, committed 115328K, reserved 1179648K
  class space    used 15617K, committed 16704K, reserved 1048576K
}
Event: 47.025 GC heap after
{Heap after GC invocations=55 (full 0):
 garbage-first heap   total 177152K, used 102903K [0x0000000080000000, 0x0000000100000000)
  region size 1024K, 8 young (8192K), 8 survivors (8192K)
 Metaspace       used 113096K, committed 115328K, reserved 1179648K
  class space    used 15617K, committed 16704K, reserved 1048576K
}
Event: 48.343 GC heap before
{Heap before GC invocations=56 (full 0):
 garbage-first heap   total 177152K, used 158199K [0x0000000080000000, 0x0000000100000000)
  region size 1024K, 62 young (63488K), 8 survivors (8192K)
 Metaspace       used 117040K, committed 119296K, reserved 1179648K
  class space    used 16164K, committed 17280K, reserved 1048576K
}
Event: 48.360 GC heap after
{Heap after GC invocations=57 (full 0):
 garbage-first heap   total 177152K, used 107703K [0x0000000080000000, 0x0000000100000000)
  region size 1024K, 8 young (8192K), 8 survivors (8192K)
 Metaspace       used 117040K, committed 119296K, reserved 1179648K
  class space    used 16164K, committed 17280K, reserved 1048576K
}
Event: 49.101 GC heap before
{Heap before GC invocations=57 (full 0):
 garbage-first heap   total 177152K, used 157879K [0x0000000080000000, 0x0000000100000000)
  region size 1024K, 57 young (58368K), 8 survivors (8192K)
 Metaspace       used 117291K, committed 119616K, reserved 1179648K
  class space    used 16182K, committed 17344K, reserved 1048576K
}
Event: 49.125 GC heap after
{Heap after GC invocations=58 (full 0):
 garbage-first heap   total 177152K, used 115038K [0x0000000080000000, 0x0000000100000000)
  region size 1024K, 8 young (8192K), 8 survivors (8192K)
 Metaspace       used 117291K, committed 119616K, reserved 1179648K
  class space    used 16182K, committed 17344K, reserved 1048576K
}
Event: 49.523 GC heap before
{Heap before GC invocations=58 (full 0):
 garbage-first heap   total 177152K, used 133470K [0x0000000080000000, 0x0000000100000000)
  region size 1024K, 28 young (28672K), 8 survivors (8192K)
 Metaspace       used 118580K, committed 120832K, reserved 1179648K
  class space    used 16269K, committed 17408K, reserved 1048576K
}
Event: 49.542 GC heap after
{Heap after GC invocations=59 (full 0):
 garbage-first heap   total 177152K, used 120710K [0x0000000080000000, 0x0000000100000000)
  region size 1024K, 5 young (5120K), 5 survivors (5120K)
 Metaspace       used 118580K, committed 120832K, reserved 1179648K
  class space    used 16269K, committed 17408K, reserved 1048576K
}
Event: 51.401 GC heap before
{Heap before GC invocations=60 (full 0):
 garbage-first heap   total 209920K, used 163718K [0x0000000080000000, 0x0000000100000000)
  region size 1024K, 43 young (44032K), 5 survivors (5120K)
 Metaspace       used 121874K, committed 124160K, reserved 1179648K
  class space    used 16633K, committed 17792K, reserved 1048576K
}
Event: 51.421 GC heap after
{Heap after GC invocations=61 (full 0):
 garbage-first heap   total 209920K, used 125909K [0x0000000080000000, 0x0000000100000000)
  region size 1024K, 6 young (6144K), 6 survivors (6144K)
 Metaspace       used 121874K, committed 124160K, reserved 1179648K
  class space    used 16633K, committed 17792K, reserved 1048576K
}
Event: 53.885 GC heap before
{Heap before GC invocations=61 (full 0):
 garbage-first heap   total 209920K, used 185301K [0x0000000080000000, 0x0000000100000000)
  region size 1024K, 65 young (66560K), 6 survivors (6144K)
 Metaspace       used 122426K, committed 124800K, reserved 1179648K
  class space    used 16734K, committed 17920K, reserved 1048576K
}
Event: 53.918 GC heap after
{Heap after GC invocations=62 (full 0):
 garbage-first heap   total 209920K, used 129732K [0x0000000080000000, 0x0000000100000000)
  region size 1024K, 6 young (6144K), 6 survivors (6144K)
 Metaspace       used 122426K, committed 124800K, reserved 1179648K
  class space    used 16734K, committed 17920K, reserved 1048576K
}
Event: 55.926 GC heap before
{Heap before GC invocations=62 (full 0):
 garbage-first heap   total 209920K, used 188100K [0x0000000080000000, 0x0000000100000000)
  region size 1024K, 63 young (64512K), 6 survivors (6144K)
 Metaspace       used 124175K, committed 126528K, reserved 1179648K
  class space    used 16986K, committed 18176K, reserved 1048576K
}
Event: 55.948 GC heap after
{Heap after GC invocations=63 (full 0):
 garbage-first heap   total 209920K, used 133573K [0x0000000080000000, 0x0000000100000000)
  region size 1024K, 6 young (6144K), 6 survivors (6144K)
 Metaspace       used 124175K, committed 126528K, reserved 1179648K
  class space    used 16986K, committed 18176K, reserved 1048576K
}
Event: 60.277 GC heap before
{Heap before GC invocations=64 (full 0):
 garbage-first heap   total 224256K, used 189893K [0x0000000080000000, 0x0000000100000000)
  region size 1024K, 62 young (63488K), 6 survivors (6144K)
 Metaspace       used 126158K, committed 128512K, reserved 1179648K
  class space    used 17222K, committed 18432K, reserved 1048576K
}
Event: 60.578 GC heap after
{Heap after GC invocations=65 (full 0):
 garbage-first heap   total 224256K, used 137368K [0x0000000080000000, 0x0000000100000000)
  region size 1024K, 6 young (6144K), 6 survivors (6144K)
 Metaspace       used 126158K, committed 128512K, reserved 1179648K
  class space    used 17222K, committed 18432K, reserved 1048576K
}
Event: 134.026 GC heap before
{Heap before GC invocations=65 (full 0):
 garbage-first heap   total 224256K, used 202904K [0x0000000080000000, 0x0000000100000000)
  region size 1024K, 71 young (72704K), 6 survivors (6144K)
 Metaspace       used 131338K, committed 133760K, reserved 1179648K
  class space    used 17982K, committed 19200K, reserved 1048576K
}
Event: 134.197 GC heap after
{Heap after GC invocations=66 (full 0):
 garbage-first heap   total 224256K, used 137881K [0x0000000080000000, 0x0000000100000000)
  region size 1024K, 4 young (4096K), 4 survivors (4096K)
 Metaspace       used 131338K, committed 133760K, reserved 1179648K
  class space    used 17982K, committed 19200K, reserved 1048576K
}
Event: 153.592 GC heap before
{Heap before GC invocations=66 (full 0):
 garbage-first heap   total 224256K, used 205465K [0x0000000080000000, 0x0000000100000000)
  region size 1024K, 71 young (72704K), 4 survivors (4096K)
 Metaspace       used 140965K, committed 143360K, reserved 1179648K
  class space    used 19483K, committed 20672K, reserved 1048576K
}
Event: 153.977 GC heap after
{Heap after GC invocations=67 (full 0):
 garbage-first heap   total 224256K, used 139711K [0x0000000080000000, 0x0000000100000000)
  region size 1024K, 6 young (6144K), 6 survivors (6144K)
 Metaspace       used 140965K, committed 143360K, reserved 1179648K
  class space    used 19483K, committed 20672K, reserved 1048576K
}

